Using pre-set license
Built from '2021.1/staging' branch; Version is '2021.1.6f1 (c0fade0cc7e9) revision 12647134'; Using compiler version '192528614'; Build Type 'Release'
OS: 'Windows 10 Pro; OS build 19042.1052; Version 2009; 64bit' Language: 'en' Physical Memory: 32659 MB
BatchMode: 1, IsHumanControllingUs: 0, StartBugReporterOnCrash: 0, Is64bit: 1, IsPro: 0

 COMMAND LINE ARGUMENTS:
C:\Program Files\Unity\Hub\Editor\2021.1.6f1\Editor\Unity.exe
-adb2
-batchMode
-noUpm
-name
AssetImportWorker0
-projectPath
C:/Users/alspo/OneDrive/Desktop/Desktop/Bachelor of Games Design/2021 Tri 2/GDS210/FFFF
-logFile
Logs/AssetImportWorker0.log
-srvPort
56127
Successfully changed project path to: C:/Users/alspo/OneDrive/Desktop/Desktop/Bachelor of Games Design/2021 Tri 2/GDS210/FFFF
C:/Users/alspo/OneDrive/Desktop/Desktop/Bachelor of Games Design/2021 Tri 2/GDS210/FFFF
Using Asset Import Pipeline V2.
Refreshing native plugins compatible for Editor in 56.15 ms, found 1 plugins.
Preloading 0 native plugins for Editor in 0.00 ms.
Initialize engine version: 2021.1.6f1 (c0fade0cc7e9)
[Subsystems] Discovering subsystems at path C:/Program Files/Unity/Hub/Editor/2021.1.6f1/Editor/Data/Resources/UnitySubsystems
[Subsystems] Discovering subsystems at path C:/Users/alspo/OneDrive/Desktop/Desktop/Bachelor of Games Design/2021 Tri 2/GDS210/FFFF/Assets
GfxDevice: creating device client; threaded=0; jobified=0
Direct3D:
    Version:  Direct3D 11.0 [level 11.1]
    Renderer: NVIDIA GeForce RTX 2060 (ID=0x1e89)
    Vendor:   NVIDIA
    VRAM:     5968 MB
    Driver:   27.21.14.5671
Initialize mono
Mono path[0] = 'C:/Program Files/Unity/Hub/Editor/2021.1.6f1/Editor/Data/Managed'
Mono path[1] = 'C:/Program Files/Unity/Hub/Editor/2021.1.6f1/Editor/Data/MonoBleedingEdge/lib/mono/unityjit'
Mono config path = 'C:/Program Files/Unity/Hub/Editor/2021.1.6f1/Editor/Data/MonoBleedingEdge/etc'
Using monoOptions --debugger-agent=transport=dt_socket,embedding=1,server=y,suspend=n,address=127.0.0.1:56476
Begin MonoManager ReloadAssembly
Registering precompiled unity dll's ...
Register platform support module: C:/Program Files/Unity/Hub/Editor/2021.1.6f1/Editor/Data/PlaybackEngines/WindowsStandaloneSupport/UnityEditor.WindowsStandalone.Extensions.dll
Registered in 0.001462 seconds.
Native extension for WindowsStandalone target not found
Refreshing native plugins compatible for Editor in 56.93 ms, found 1 plugins.
Preloading 0 native plugins for Editor in 0.00 ms.
Mono: successfully reloaded assembly
- Completed reload, in  0.924 seconds
Platform modules already initialized, skipping
Registering precompiled user dll's ...
Registered in 0.002178 seconds.
Begin MonoManager ReloadAssembly
Native extension for WindowsStandalone target not found
Refreshing native plugins compatible for Editor in 0.38 ms, found 1 plugins.
Preloading 0 native plugins for Editor in 0.00 ms.
Mono: successfully reloaded assembly
- Completed reload, in  0.704 seconds
Platform modules already initialized, skipping
========================================================================
Worker process is ready to serve import requests
Launched and connected shader compiler UnityShaderCompiler.exe after 0.02 seconds
Refreshing native plugins compatible for Editor in 0.43 ms, found 1 plugins.
Preloading 0 native plugins for Editor in 0.00 ms.
Unloading 2667 Unused Serialized files (Serialized files now loaded: 0)
System memory in use before: 99.1 MB.
System memory in use after: 99.3 MB.

Unloading 15 unused Assets to reduce memory usage. Loaded Objects now: 3119.
Total: 1.683400 ms (FindLiveObjects: 0.176500 ms CreateObjectMapping: 0.089100 ms MarkObjects: 1.367300 ms  DeleteObjects: 0.049800 ms)

========================================================================
Received Import Request.
  path: Assets/Materials/Bed Sheets 1.mat
  artifactKey: Guid(0fbbb70d12cced046a02d4ab85a1012e) Importer(815301076,1909f56bfc062723c751e8b465ee728b)
Start importing Assets/Materials/Bed Sheets 1.mat using Guid(0fbbb70d12cced046a02d4ab85a1012e) Importer(815301076,1909f56bfc062723c751e8b465ee728b)  -> (artifact id: '79d3afbb8f178846f6dae74c89149c32') in 0.087028 seconds 
========================================================================
Received Import Request.
  Time since last request: 44.347706 seconds.
  path: Assets/Materials/Dresser.mat
  artifactKey: Guid(558f556605b27b342b505fd216f0bfb5) Importer(815301076,1909f56bfc062723c751e8b465ee728b)
Start importing Assets/Materials/Dresser.mat using Guid(558f556605b27b342b505fd216f0bfb5) Importer(815301076,1909f56bfc062723c751e8b465ee728b)  -> (artifact id: 'c619f8866e6eb998e98995576809a177') in 0.009891 seconds 
========================================================================
Received Import Request.
  Time since last request: 255.899307 seconds.
  path: Assets/Materials/Dresser.mat
  artifactKey: Guid(558f556605b27b342b505fd216f0bfb5) Importer(815301076,1909f56bfc062723c751e8b465ee728b)
Start importing Assets/Materials/Dresser.mat using Guid(558f556605b27b342b505fd216f0bfb5) Importer(815301076,1909f56bfc062723c751e8b465ee728b)  -> (artifact id: 'c2d8ae61cb10cf4a3fedf5f614fbd0ed') in 0.013689 seconds 
========================================================================
Received Import Request.
  Time since last request: 366.927181 seconds.
  path: Assets/Models/Sink Base.png
  artifactKey: Guid(592cb3c5da8824544ac31dddb6269404) Importer(815301076,1909f56bfc062723c751e8b465ee728b)
Start importing Assets/Models/Sink Base.png using Guid(592cb3c5da8824544ac31dddb6269404) Importer(815301076,1909f56bfc062723c751e8b465ee728b)  -> (artifact id: '12c866e9773b2998fb1a1f2fb06fc64c') in 0.032912 seconds 
========================================================================
Received Import Request.
  Time since last request: 0.000184 seconds.
  path: Assets/Models/Sink Taps.png
  artifactKey: Guid(d76df1dabf9e0054fb66ec6150e273f5) Importer(815301076,1909f56bfc062723c751e8b465ee728b)
Start importing Assets/Models/Sink Taps.png using Guid(d76df1dabf9e0054fb66ec6150e273f5) Importer(815301076,1909f56bfc062723c751e8b465ee728b)  -> (artifact id: '4652bac30f2be20804e167c75b689308') in 0.010478 seconds 
========================================================================
Received Import Request.
  Time since last request: 0.000142 seconds.
  path: Assets/Models/SinkTaps.mat
  artifactKey: Guid(c9ac710bc6f03fa4b92379198432cd06) Importer(815301076,1909f56bfc062723c751e8b465ee728b)
Start importing Assets/Models/SinkTaps.mat using Guid(c9ac710bc6f03fa4b92379198432cd06) Importer(815301076,1909f56bfc062723c751e8b465ee728b)  -> (artifact id: 'b35753556bd5d3670da4a48ed21ae922') in 0.038296 seconds 
========================================================================
Received Import Request.
  Time since last request: 0.000119 seconds.
  path: Assets/Models/SinkTaps.001.mat
  artifactKey: Guid(0ad74faa4251e524a85bd41c15d784ef) Importer(815301076,1909f56bfc062723c751e8b465ee728b)
Start importing Assets/Models/SinkTaps.001.mat using Guid(0ad74faa4251e524a85bd41c15d784ef) Importer(815301076,1909f56bfc062723c751e8b465ee728b)  -> (artifact id: '529a1eba177bea9f1263ebd31be23062') in 0.013152 seconds 
========================================================================
Received Import Request.
  Time since last request: 0.000127 seconds.
  path: Assets/Models/SinkBase.mat
  artifactKey: Guid(7c6e0ec5bfc2e9941901af525ebd34c1) Importer(815301076,1909f56bfc062723c751e8b465ee728b)
Start importing Assets/Models/SinkBase.mat using Guid(7c6e0ec5bfc2e9941901af525ebd34c1) Importer(815301076,1909f56bfc062723c751e8b465ee728b)  -> (artifact id: '697badbbdd84519890534b98d07a7908') in 0.015509 seconds 
========================================================================
Received Import Request.
  Time since last request: 0.000110 seconds.
  path: Assets/Models/Sink.fbx
  artifactKey: Guid(8a4e2d19b5910b84cbc497c49a3ee0f0) Importer(815301076,1909f56bfc062723c751e8b465ee728b)
Start importing Assets/Models/Sink.fbx using Guid(8a4e2d19b5910b84cbc497c49a3ee0f0) Importer(815301076,1909f56bfc062723c751e8b465ee728b)  -> (artifact id: '628dfe917c677a79519435615b6eddc4') in 0.094768 seconds 
========================================================================
Received Import Request.
  Time since last request: 8.516193 seconds.
  path: Assets/Modular Assets/Dresser.prefab
  artifactKey: Guid(93fa1d8dffa2bd342826f3a2becb5af9) Importer(815301076,1909f56bfc062723c751e8b465ee728b)
Start importing Assets/Modular Assets/Dresser.prefab using Guid(93fa1d8dffa2bd342826f3a2becb5af9) Importer(815301076,1909f56bfc062723c751e8b465ee728b)  -> (artifact id: '67880e0fb8e7e7db77a70389bc620fa3') in 0.010835 seconds 
========================================================================
Received Prepare
Registering precompiled user dll's ...
Registered in 0.002197 seconds.
Begin MonoManager ReloadAssembly
Native extension for WindowsStandalone target not found
Refreshing native plugins compatible for Editor in 0.54 ms, found 1 plugins.
Preloading 0 native plugins for Editor in 0.00 ms.
Mono: successfully reloaded assembly
- Completed reload, in  0.670 seconds
Platform modules already initialized, skipping
Refreshing native plugins compatible for Editor in 0.37 ms, found 1 plugins.
Preloading 0 native plugins for Editor in 0.00 ms.
Unloading 2664 Unused Serialized files (Serialized files now loaded: 0)
System memory in use before: 104.0 MB.
System memory in use after: 104.2 MB.

Unloading 11 unused Assets to reduce memory usage. Loaded Objects now: 3199.
Total: 1.526300 ms (FindLiveObjects: 0.175200 ms CreateObjectMapping: 0.101500 ms MarkObjects: 1.216900 ms  DeleteObjects: 0.032100 ms)

AssetImportWorkerClient::OnTransportError - code=2 error=End of file
