Using pre-set license
Built from '2021.1/staging' branch; Version is '2021.1.6f1 (c0fade0cc7e9) revision 12647134'; Using compiler version '192528614'; Build Type 'Release'
OS: 'Windows 10 Enterprise; OS build 19041.985; Version 2004; 64bit' Language: 'en' Physical Memory: 32683 MB
BatchMode: 1, IsHumanControllingUs: 0, StartBugReporterOnCrash: 0, Is64bit: 1, IsPro: 0

 COMMAND LINE ARGUMENTS:
C:\Program Files\Unity\Unity 2021.1.6f1\Editor\Unity.exe
-adb2
-batchMode
-noUpm
-name
AssetImportWorker0
-projectPath
C:/Users/cspyrou/FFFF
-logFile
Logs/AssetImportWorker0.log
-srvPort
63505
Successfully changed project path to: C:/Users/cspyrou/FFFF
C:/Users/cspyrou/FFFF
Using Asset Import Pipeline V2.
Refreshing native plugins compatible for Editor in 88.54 ms, found 1 plugins.
Preloading 0 native plugins for Editor in 0.00 ms.
Initialize engine version: 2021.1.6f1 (c0fade0cc7e9)
[Subsystems] Discovering subsystems at path C:/Program Files/Unity/Unity 2021.1.6f1/Editor/Data/Resources/UnitySubsystems
[Subsystems] Discovering subsystems at path C:/Users/cspyrou/FFFF/Assets
GfxDevice: creating device client; threaded=0; jobified=0
Direct3D:
    Version:  Direct3D 11.0 [level 11.1]
    Renderer: NVIDIA GeForce GTX 980 (ID=0x13c0)
    Vendor:   NVIDIA
    VRAM:     4053 MB
    Driver:   27.21.14.5671
Initialize mono
Mono path[0] = 'C:/Program Files/Unity/Unity 2021.1.6f1/Editor/Data/Managed'
Mono path[1] = 'C:/Program Files/Unity/Unity 2021.1.6f1/Editor/Data/MonoBleedingEdge/lib/mono/unityjit'
Mono config path = 'C:/Program Files/Unity/Unity 2021.1.6f1/Editor/Data/MonoBleedingEdge/etc'
Using monoOptions --debugger-agent=transport=dt_socket,embedding=1,server=y,suspend=n,address=127.0.0.1:56720
Begin MonoManager ReloadAssembly
Registering precompiled unity dll's ...
Register platform support module: C:/Program Files/Unity/Unity 2021.1.6f1/Editor/Data/PlaybackEngines/WindowsStandaloneSupport/UnityEditor.WindowsStandalone.Extensions.dll
Registered in 0.001920 seconds.
Native extension for WindowsStandalone target not found
Refreshing native plugins compatible for Editor in 77.33 ms, found 1 plugins.
Preloading 0 native plugins for Editor in 0.00 ms.
Mono: successfully reloaded assembly
- Completed reload, in  1.562 seconds
Platform modules already initialized, skipping
Registering precompiled user dll's ...
Registered in 0.003926 seconds.
Begin MonoManager ReloadAssembly
Native extension for WindowsStandalone target not found
Refreshing native plugins compatible for Editor in 0.49 ms, found 1 plugins.
Preloading 0 native plugins for Editor in 0.00 ms.
Mono: successfully reloaded assembly
- Completed reload, in  1.008 seconds
Platform modules already initialized, skipping
========================================================================
Worker process is ready to serve import requests
Launched and connected shader compiler UnityShaderCompiler.exe after 0.07 seconds
Refreshing native plugins compatible for Editor in 0.75 ms, found 1 plugins.
Preloading 0 native plugins for Editor in 0.00 ms.
Unloading 2665 Unused Serialized files (Serialized files now loaded: 0)
System memory in use before: 98.1 MB.
System memory in use after: 98.2 MB.

Unloading 15 unused Assets to reduce memory usage. Loaded Objects now: 3117.
Total: 2.167600 ms (FindLiveObjects: 0.236100 ms CreateObjectMapping: 0.146800 ms MarkObjects: 1.687700 ms  DeleteObjects: 0.095800 ms)

========================================================================
Received Import Request.
  path: Assets/Modular Assets
  artifactKey: Guid(b2803d993d9043f449461036ecde3884) Importer(815301076,1909f56bfc062723c751e8b465ee728b)
Start importing Assets/Modular Assets using Guid(b2803d993d9043f449461036ecde3884) Importer(815301076,1909f56bfc062723c751e8b465ee728b)  -> (artifact id: 'fffc7e40ad4e20cb2d1ae0a287244fe2') in 0.007516 seconds 
========================================================================
Received Import Request.
  Time since last request: 33.170204 seconds.
  path: Assets
  artifactKey: Guid(00000000000000001000000000000000) Importer(815301076,1909f56bfc062723c751e8b465ee728b)
Start importing Assets using Guid(00000000000000001000000000000000) Importer(815301076,1909f56bfc062723c751e8b465ee728b)  -> (artifact id: '42d402b061de3733987d63b9cc3b64de') in 0.010342 seconds 
========================================================================
Received Import Request.
  Time since last request: 6.409588 seconds.
  path: Assets/Scripts
  artifactKey: Guid(b4cceffa813653f42b97f2fc23150107) Importer(815301076,1909f56bfc062723c751e8b465ee728b)
Start importing Assets/Scripts using Guid(b4cceffa813653f42b97f2fc23150107) Importer(815301076,1909f56bfc062723c751e8b465ee728b)  -> (artifact id: '368140ac8a5a0ad97985b3d1c5f72336') in 0.003384 seconds 
========================================================================
Received Import Request.
  Time since last request: 13.092028 seconds.
  path: Assets/Scripts/PlayMovement.cs
  artifactKey: Guid(bdb0da811ec075f45adec80c6903dd1c) Importer(815301076,1909f56bfc062723c751e8b465ee728b)
Start importing Assets/Scripts/PlayMovement.cs using Guid(bdb0da811ec075f45adec80c6903dd1c) Importer(815301076,1909f56bfc062723c751e8b465ee728b)  -> (artifact id: 'de4f887483e3a53451cc4a83759f3771') in 0.028044 seconds 
========================================================================
Received Prepare
Registering precompiled user dll's ...
Registered in 0.003799 seconds.
Begin MonoManager ReloadAssembly
Native extension for WindowsStandalone target not found
Refreshing native plugins compatible for Editor in 0.44 ms, found 1 plugins.
Preloading 0 native plugins for Editor in 0.00 ms.
Mono: successfully reloaded assembly
- Completed reload, in  1.104 seconds
Platform modules already initialized, skipping
Refreshing native plugins compatible for Editor in 0.87 ms, found 1 plugins.
Preloading 0 native plugins for Editor in 0.00 ms.
Unloading 2661 Unused Serialized files (Serialized files now loaded: 0)
System memory in use before: 98.1 MB.
System memory in use after: 98.3 MB.

Unloading 10 unused Assets to reduce memory usage. Loaded Objects now: 3121.
Total: 2.198200 ms (FindLiveObjects: 0.209400 ms CreateObjectMapping: 0.114800 ms MarkObjects: 1.784100 ms  DeleteObjects: 0.089200 ms)

========================================================================
Received Import Request.
  Time since last request: 365.528254 seconds.
  path: Assets/Modular Assets/Floor.prefab
  artifactKey: Guid(c233be7414b61c74295203f5994ec4d9) Importer(815301076,1909f56bfc062723c751e8b465ee728b)
Start importing Assets/Modular Assets/Floor.prefab using Guid(c233be7414b61c74295203f5994ec4d9) Importer(815301076,1909f56bfc062723c751e8b465ee728b)  -> (artifact id: '2eedf2d137f3a157c9b8c0bccc551654') in 0.098036 seconds 
AssetImportWorkerClient::OnTransportError - code=2 error=End of file
